TN:
SF:/Users/nate/code/personal/is-in-subnet/src/error.ts
FNF:0
FNH:0
DA:1,3
LF:1
LH:1
BRF:0
BRH:0
end_of_record
TN:
SF:/Users/nate/code/personal/is-in-subnet/src/index.ts
FN:12,isInSubnet
FN:21,isPrivate
FN:30,isLocalhost
FN:39,isIPv4MappedAddress
FN:48,isReserved
FN:60,isSpecial
FNF:6
FNH:6
FNDA:200022,isInSubnet
FNDA:2,isPrivate
FNDA:2,isLocalhost
FNDA:2,isIPv4MappedAddress
FNDA:2,isReserved
FNDA:2,isSpecial
DA:1,1
DA:2,1
DA:3,1
DA:12,1
DA:13,200022
DA:14,100010
DA:16,100012
DA:21,1
DA:22,2
DA:23,1
DA:25,1
DA:30,1
DA:31,2
DA:32,1
DA:34,1
DA:39,1
DA:40,2
DA:41,1
DA:43,1
DA:48,1
DA:49,2
DA:50,1
DA:52,1
DA:60,1
DA:61,2
DA:62,1
DA:64,1
DA:68,1
LF:28
LH:28
BRDA:13,0,0,100010
BRDA:13,0,1,100012
BRDA:22,1,0,1
BRDA:22,1,1,1
BRDA:31,2,0,1
BRDA:31,2,1,1
BRDA:40,3,0,1
BRDA:40,3,1,1
BRDA:49,4,0,1
BRDA:49,4,1,1
BRDA:61,5,0,1
BRDA:61,5,1,1
BRF:12
BRH:12
end_of_record
TN:
SF:/Users/nate/code/personal/is-in-subnet/src/ipv4.ts
FN:9,ipv4ToLong
FN:15,(anonymous_1)
FN:28,isInSubnet
FN:30,(anonymous_3)
FN:56,isPrivate
FN:61,isLocalhost
FN:66,isReserved
FN:87,isSpecial
FNF:8
FNH:8
FNDA:200220,ipv4ToLong
FNDA:800872,(anonymous_1)
FNDA:100136,isInSubnet
FNDA:80,(anonymous_3)
FNDA:10,isPrivate
FNDA:8,isLocalhost
FNDA:7,isReserved
FNDA:5,isSpecial
DA:1,2
DA:2,2
DA:10,200220
DA:11,2
DA:14,200218
DA:16,800872
DA:28,2
DA:29,100136
DA:30,80
DA:33,100115
DA:35,100115
DA:36,100115
DA:37,2
DA:40,100113
DA:41,100113
DA:42,3
DA:47,100110
DA:48,100110
DA:50,100110
DA:52,100108
DA:56,2
DA:57,10
DA:61,2
DA:62,8
DA:66,2
DA:67,7
DA:87,2
DA:88,5
LF:28
LH:28
BRDA:10,0,0,2
BRDA:10,0,1,200218
BRDA:29,1,0,21
BRDA:29,1,1,100115
BRDA:36,2,0,2
BRDA:36,2,1,100113
BRDA:36,3,0,100115
BRDA:36,3,1,100115
BRDA:41,4,0,3
BRDA:41,4,1,100110
BRDA:41,5,0,100113
BRDA:41,5,1,100112
BRDA:88,6,0,5
BRDA:88,6,1,4
BRDA:88,6,2,2
BRF:15
BRH:15
end_of_record
TN:
SF:/Users/nate/code/personal/is-in-subnet/src/ipv6.ts
FN:7,mappedIpv4ToIpv6
FN:19,(anonymous_1)
FN:35,getIpv6Segments
FN:61,isInSubnet
FN:63,(anonymous_4)
FN:105,isPrivate
FN:113,isLocalhost
FN:118,isIPv4MappedAddress
FN:123,isReserved
FN:141,isSpecial
FNF:10
FNH:10
FNDA:15,mappedIpv4ToIpv6
FNDA:56,(anonymous_1)
FNDA:200226,getIpv6Segments
FNDA:100129,isInSubnet
FNDA:74,(anonymous_4)
FNDA:9,isPrivate
FNDA:8,isLocalhost
FNDA:5,isIPv4MappedAddress
FNDA:8,isReserved
FNDA:5,isSpecial
DA:1,2
DA:2,2
DA:4,2
DA:5,2
DA:8,15
DA:11,15
DA:16,14
DA:17,14
DA:19,56
DA:21,14
DA:22,14
DA:24,14
DA:25,14
DA:36,200226
DA:37,1
DA:40,200225
DA:41,15
DA:45,200210
DA:47,200210
DA:48,200210
DA:49,200210
DA:51,200210
DA:61,2
DA:62,100129
DA:63,74
DA:66,100108
DA:68,100108
DA:69,100108
DA:71,100108
DA:72,1
DA:76,100107
DA:77,100105
DA:79,100105
DA:80,2
DA:85,100103
DA:86,322473
DA:88,322473
DA:89,66688
DA:92,255785
DA:93,255785
DA:97,33410
DA:101,66693
DA:105,2
DA:106,9
DA:113,2
DA:114,8
DA:118,2
DA:119,5
DA:123,2
DA:124,8
DA:141,2
DA:142,5
LF:52
LH:52
BRDA:11,0,0,14
BRDA:36,1,0,1
BRDA:36,1,1,200225
BRDA:40,2,0,15
BRDA:40,2,1,200210
BRDA:47,3,0,200210
BRDA:47,3,1,189047
BRDA:47,3,2,11163
BRDA:48,4,0,200210
BRDA:48,4,1,166798
BRDA:48,4,2,33412
BRDA:62,5,0,21
BRDA:62,5,1,100108
BRDA:71,6,0,1
BRDA:71,6,1,100107
BRDA:71,7,0,100108
BRDA:71,7,1,100108
BRDA:79,8,0,2
BRDA:79,8,1,100103
BRDA:79,9,0,100105
BRDA:79,9,1,100104
BRDA:88,10,0,66688
BRDA:88,10,1,255785
BRDA:93,11,0,33410
BRDA:93,11,1,222375
BRDA:94,12,0,255785
BRDA:94,12,1,244578
BRDA:94,12,2,11207
BRDA:95,13,0,255785
BRDA:95,13,1,244581
BRDA:95,13,2,11204
BRDA:142,14,0,5
BRDA:142,14,1,5
BRDA:142,14,2,4
BRF:34
BRH:34
end_of_record
TN:
SF:/Users/nate/code/personal/is-in-subnet/test/index.ts
FN:37,(anonymous_10)
FN:37,(anonymous_11)
FN:38,(anonymous_12)
FN:43,(anonymous_13)
FN:43,(anonymous_14)
FN:45,(anonymous_15)
FN:45,(anonymous_16)
FN:48,(anonymous_17)
FN:48,(anonymous_18)
FN:52,(anonymous_19)
FN:52,(anonymous_20)
FN:53,(anonymous_21)
FN:58,(anonymous_22)
FN:58,(anonymous_23)
FN:60,(anonymous_24)
FN:60,(anonymous_25)
FN:63,(anonymous_26)
FN:63,(anonymous_27)
FN:67,(anonymous_28)
FN:67,(anonymous_29)
FN:72,(anonymous_30)
FN:72,(anonymous_31)
FN:77,(anonymous_32)
FN:77,(anonymous_33)
FN:82,(anonymous_34)
FN:82,(anonymous_35)
FN:87,(anonymous_36)
FN:87,(anonymous_37)
FN:94,(anonymous_38)
FN:94,(anonymous_39)
FN:99,(anonymous_40)
FN:110,(anonymous_41)
FN:110,(anonymous_42)
FN:115,(anonymous_43)
FNF:34
FNH:34
FNDA:1,(anonymous_10)
FNDA:1,(anonymous_11)
FNDA:10,(anonymous_12)
FNDA:1,(anonymous_13)
FNDA:1,(anonymous_14)
FNDA:10,(anonymous_15)
FNDA:7,(anonymous_16)
FNDA:10,(anonymous_17)
FNDA:3,(anonymous_18)
FNDA:1,(anonymous_19)
FNDA:1,(anonymous_20)
FNDA:9,(anonymous_21)
FNDA:1,(anonymous_22)
FNDA:1,(anonymous_23)
FNDA:9,(anonymous_24)
FNDA:5,(anonymous_25)
FNDA:9,(anonymous_26)
FNDA:3,(anonymous_27)
FNDA:1,(anonymous_28)
FNDA:1,(anonymous_29)
FNDA:1,(anonymous_30)
FNDA:1,(anonymous_31)
FNDA:1,(anonymous_32)
FNDA:1,(anonymous_33)
FNDA:1,(anonymous_34)
FNDA:1,(anonymous_35)
FNDA:1,(anonymous_36)
FNDA:1,(anonymous_37)
FNDA:1,(anonymous_38)
FNDA:1,(anonymous_39)
FNDA:100000,(anonymous_40)
FNDA:1,(anonymous_41)
FNDA:1,(anonymous_42)
FNDA:99999,(anonymous_43)
DA:1,1
DA:10,1
DA:12,1
DA:25,1
DA:37,1
DA:38,1
DA:39,10
DA:43,1
DA:44,1
DA:45,10
DA:46,1
DA:48,10
DA:49,1
DA:52,1
DA:53,1
DA:54,9
DA:58,1
DA:59,1
DA:60,9
DA:61,1
DA:63,9
DA:64,1
DA:67,1
DA:68,1
DA:69,1
DA:72,1
DA:73,1
DA:74,1
DA:77,1
DA:78,1
DA:79,1
DA:82,1
DA:83,1
DA:84,1
DA:87,1
DA:88,1
DA:89,1
DA:92,1
DA:94,1
DA:95,1
DA:97,1
DA:98,1
DA:99,10000
DA:100,100000
DA:103,1
DA:108,1
DA:110,1
DA:111,1
DA:113,1
DA:114,1
DA:115,11111
DA:116,99999
DA:119,1
LF:53
LH:53
BRDA:45,0,0,10
BRDA:45,0,1,10
BRDA:48,1,0,10
BRDA:48,1,1,10
BRDA:60,2,0,9
BRDA:60,2,1,8
BRDA:63,3,0,9
BRDA:63,3,1,8
BRF:8
BRH:8
end_of_record
TN:
SF:/Users/nate/code/personal/is-in-subnet/test/ipv4.ts
FN:17,(anonymous_8)
FN:17,(anonymous_9)
FN:18,(anonymous_10)
FN:23,(anonymous_11)
FN:23,(anonymous_12)
FN:25,(anonymous_13)
FN:25,(anonymous_14)
FN:28,(anonymous_15)
FN:28,(anonymous_16)
FN:32,(anonymous_17)
FN:32,(anonymous_18)
FN:33,(anonymous_19)
FN:34,(anonymous_20)
FN:35,(anonymous_21)
FN:38,(anonymous_22)
FN:38,(anonymous_23)
FN:39,(anonymous_24)
FN:40,(anonymous_25)
FN:41,(anonymous_26)
FN:42,(anonymous_27)
FN:45,(anonymous_28)
FN:45,(anonymous_29)
FN:51,(anonymous_30)
FN:51,(anonymous_31)
FN:58,(anonymous_32)
FN:58,(anonymous_33)
FN:65,(anonymous_34)
FN:65,(anonymous_35)
FNF:28
FNH:28
FNDA:1,(anonymous_8)
FNDA:1,(anonymous_9)
FNDA:10,(anonymous_10)
FNDA:1,(anonymous_11)
FNDA:1,(anonymous_12)
FNDA:10,(anonymous_13)
FNDA:7,(anonymous_14)
FNDA:10,(anonymous_15)
FNDA:3,(anonymous_16)
FNDA:1,(anonymous_17)
FNDA:1,(anonymous_18)
FNDA:1,(anonymous_19)
FNDA:1,(anonymous_20)
FNDA:1,(anonymous_21)
FNDA:1,(anonymous_22)
FNDA:1,(anonymous_23)
FNDA:1,(anonymous_24)
FNDA:1,(anonymous_25)
FNDA:1,(anonymous_26)
FNDA:1,(anonymous_27)
FNDA:1,(anonymous_28)
FNDA:1,(anonymous_29)
FNDA:1,(anonymous_30)
FNDA:1,(anonymous_31)
FNDA:1,(anonymous_32)
FNDA:1,(anonymous_33)
FNDA:1,(anonymous_34)
FNDA:1,(anonymous_35)
DA:1,1
DA:2,1
DA:4,1
DA:17,1
DA:18,1
DA:19,10
DA:23,1
DA:24,1
DA:25,10
DA:26,1
DA:28,10
DA:29,1
DA:32,1
DA:33,1
DA:34,1
DA:35,1
DA:38,1
DA:39,1
DA:40,1
DA:41,1
DA:42,1
DA:45,1
DA:46,1
DA:47,1
DA:48,1
DA:51,1
DA:52,1
DA:53,1
DA:54,1
DA:55,1
DA:58,1
DA:59,1
DA:60,1
DA:61,1
DA:62,1
DA:65,1
DA:66,1
DA:67,1
DA:68,1
DA:69,1
LF:40
LH:40
BRDA:25,0,0,10
BRDA:25,0,1,10
BRDA:28,1,0,10
BRDA:28,1,1,10
BRF:4
BRH:4
end_of_record
TN:
SF:/Users/nate/code/personal/is-in-subnet/test/ipv6.ts
FN:16,(anonymous_8)
FN:16,(anonymous_9)
FN:17,(anonymous_10)
FN:22,(anonymous_11)
FN:22,(anonymous_12)
FN:24,(anonymous_13)
FN:24,(anonymous_14)
FN:27,(anonymous_15)
FN:27,(anonymous_16)
FN:31,(anonymous_17)
FN:31,(anonymous_18)
FN:32,(anonymous_19)
FN:33,(anonymous_20)
FN:34,(anonymous_21)
FN:37,(anonymous_22)
FN:37,(anonymous_23)
FN:38,(anonymous_24)
FN:41,(anonymous_25)
FN:41,(anonymous_26)
FN:46,(anonymous_27)
FN:46,(anonymous_28)
FN:52,(anonymous_29)
FN:52,(anonymous_30)
FN:59,(anonymous_31)
FN:62,(anonymous_32)
FN:62,(anonymous_33)
FN:68,(anonymous_34)
FN:68,(anonymous_35)
FNF:28
FNH:28
FNDA:1,(anonymous_8)
FNDA:1,(anonymous_9)
FNDA:9,(anonymous_10)
FNDA:1,(anonymous_11)
FNDA:1,(anonymous_12)
FNDA:9,(anonymous_13)
FNDA:5,(anonymous_14)
FNDA:9,(anonymous_15)
FNDA:3,(anonymous_16)
FNDA:1,(anonymous_17)
FNDA:1,(anonymous_18)
FNDA:1,(anonymous_19)
FNDA:1,(anonymous_20)
FNDA:1,(anonymous_21)
FNDA:1,(anonymous_22)
FNDA:1,(anonymous_23)
FNDA:1,(anonymous_24)
FNDA:1,(anonymous_25)
FNDA:1,(anonymous_26)
FNDA:1,(anonymous_27)
FNDA:1,(anonymous_28)
FNDA:1,(anonymous_29)
FNDA:1,(anonymous_30)
FNDA:1,(anonymous_31)
FNDA:1,(anonymous_32)
FNDA:1,(anonymous_33)
FNDA:1,(anonymous_34)
FNDA:1,(anonymous_35)
DA:1,1
DA:2,1
DA:4,1
DA:16,1
DA:17,1
DA:18,9
DA:22,1
DA:23,1
DA:24,9
DA:25,1
DA:27,9
DA:28,1
DA:31,1
DA:32,1
DA:33,1
DA:34,1
DA:37,1
DA:38,1
DA:41,1
DA:42,1
DA:43,1
DA:46,1
DA:47,1
DA:48,1
DA:49,1
DA:52,1
DA:53,1
DA:54,1
DA:55,1
DA:59,1
DA:62,1
DA:63,1
DA:64,1
DA:65,1
DA:68,1
DA:69,1
DA:70,1
DA:71,1
DA:72,1
LF:39
LH:39
BRDA:24,0,0,9
BRDA:24,0,1,8
BRDA:27,1,0,9
BRDA:27,1,1,8
BRF:4
BRH:4
end_of_record
